\BOOKMARK [0][-]{chapter.1}{Initial\040Data\040Exploration}{}% 1
\BOOKMARK [1][-]{section.1.1}{Importing\040required\040libraries}{chapter.1}% 2
\BOOKMARK [1][-]{section.1.2}{Data\040Cleaning}{chapter.1}% 3
\BOOKMARK [0][-]{chapter.2}{Data\040Visualization}{}% 4
\BOOKMARK [1][-]{section.2.1}{Feature\040Engineering}{chapter.2}% 5
\BOOKMARK [2][-]{subsection.2.1.1}{PCA}{section.2.1}% 6
\BOOKMARK [3][-]{subsubsection*.3}{Standardisation}{subsection.2.1.1}% 7
\BOOKMARK [0][-]{chapter.3}{Cluster\040Analysis}{}% 8
\BOOKMARK [1][-]{section.3.1}{Import\040libaries}{chapter.3}% 9
\BOOKMARK [2][-]{subsection.3.1.1}{Data\040Processing}{section.3.1}% 10
\BOOKMARK [2][-]{subsection.3.1.2}{Scientific\040computing}{section.3.1}% 11
\BOOKMARK [2][-]{subsection.3.1.3}{Clustering}{section.3.1}% 12
\BOOKMARK [2][-]{subsection.3.1.4}{Data\040Visualisation}{section.3.1}% 13
\BOOKMARK [1][-]{section.3.2}{Measure\040Cluster\040Tendency}{chapter.3}% 14
\BOOKMARK [2][-]{subsection.3.2.1}{Hopkins\040statistics}{section.3.2}% 15
\BOOKMARK [1][-]{section.3.3}{K-Means}{chapter.3}% 16
\BOOKMARK [2][-]{subsection.3.3.1}{Elbow\040method}{section.3.3}% 17
\BOOKMARK [1][-]{section.3.4}{Sillhoute\040method}{chapter.3}% 18
\BOOKMARK [1][-]{section.3.5}{Findings}{chapter.3}% 19
\BOOKMARK [2][-]{subsection.3.5.1}{Top\0402\040principal\040component\040dataset}{section.3.5}% 20
\BOOKMARK [0][-]{chapter.4}{Model\040Building,\040Evaluation\040&\040Sensitivity\040Analysis}{}% 21
\BOOKMARK [1][-]{section.4.1}{Models}{chapter.4}% 22
\BOOKMARK [1][-]{section.4.2}{Evaluation\040metrics}{chapter.4}% 23
\BOOKMARK [1][-]{section.4.3}{Import\040libaries}{chapter.4}% 24
\BOOKMARK [2][-]{subsection.4.3.1}{Data\040Processing}{section.4.3}% 25
\BOOKMARK [2][-]{subsection.4.3.2}{Model\040building\040and\040evaluation}{section.4.3}% 26
\BOOKMARK [2][-]{subsection.4.3.3}{Model\040Serialisation}{section.4.3}% 27
\BOOKMARK [2][-]{subsection.4.3.4}{Data\040Visualisation}{section.4.3}% 28
\BOOKMARK [2][-]{subsection.4.3.5}{Code\040Type\040Hints}{section.4.3}% 29
\BOOKMARK [1][-]{section.4.4}{Imbalanced\040data}{chapter.4}% 30
\BOOKMARK [1][-]{section.4.5}{Undersampling}{chapter.4}% 31
\BOOKMARK [1][-]{section.4.6}{Oversampling}{chapter.4}% 32
\BOOKMARK [1][-]{section.4.7}{Feature\040Selection}{chapter.4}% 33
\BOOKMARK [2][-]{subsection.4.7.1}{PCA}{section.4.7}% 34
\BOOKMARK [2][-]{subsection.4.7.2}{Filter\040Methods}{section.4.7}% 35
\BOOKMARK [1][-]{section.4.8}{Hyperparameter\040finetuning}{chapter.4}% 36
\BOOKMARK [1][-]{section.4.9}{Pickle\040Model}{chapter.4}% 37
\BOOKMARK [0][-]{chapter.5}{Conclusion}{}% 38
\BOOKMARK [1][-]{section.5.1}{Future\040work}{chapter.5}% 39
\BOOKMARK [0][-]{chapter.6}{References}{}% 40
\BOOKMARK [0][-]{chapter*.4}{Bibliography}{}% 41
